Using pre-set license
Built from '2021.3/staging' branch; Version is '2021.3.19f1 (c9714fde33b6) revision 13201743'; Using compiler version '192829333'; Build Type 'Release'
OS: 'Windows 10  (10.0.19045) 64bit Professional' Language: 'uk' Physical Memory: 8072 MB
BatchMode: 1, IsHumanControllingUs: 0, StartBugReporterOnCrash: 0, Is64bit: 1, IsPro: 1

COMMAND LINE ARGUMENTS:
C:\Program Files\Unity\Hub\Editor\2021.3.19f1\Editor\Unity.exe
-adb2
-batchMode
-noUpm
-name
AssetImportWorker0
-projectPath
D:/develop/Unity/projects/sky-cubes/sky-cubes
-logFile
Logs/AssetImportWorker0.log
-srvPort
60178
Successfully changed project path to: D:/develop/Unity/projects/sky-cubes/sky-cubes
D:/develop/Unity/projects/sky-cubes/sky-cubes
[UnityMemory] Configuration Parameters - Can be set up in boot.config
    "memorysetup-bucket-allocator-granularity=16"
    "memorysetup-bucket-allocator-bucket-count=8"
    "memorysetup-bucket-allocator-block-size=33554432"
    "memorysetup-bucket-allocator-block-count=8"
    "memorysetup-main-allocator-block-size=16777216"
    "memorysetup-thread-allocator-block-size=16777216"
    "memorysetup-gfx-main-allocator-block-size=16777216"
    "memorysetup-gfx-thread-allocator-block-size=16777216"
    "memorysetup-cache-allocator-block-size=4194304"
    "memorysetup-typetree-allocator-block-size=2097152"
    "memorysetup-profiler-bucket-allocator-granularity=16"
    "memorysetup-profiler-bucket-allocator-bucket-count=8"
    "memorysetup-profiler-bucket-allocator-block-size=33554432"
    "memorysetup-profiler-bucket-allocator-block-count=8"
    "memorysetup-profiler-allocator-block-size=16777216"
    "memorysetup-profiler-editor-allocator-block-size=1048576"
    "memorysetup-temp-allocator-size-main=16777216"
    "memorysetup-job-temp-allocator-block-size=2097152"
    "memorysetup-job-temp-allocator-block-size-background=1048576"
    "memorysetup-job-temp-allocator-reduction-small-platforms=262144"
    "memorysetup-temp-allocator-size-background-worker=32768"
    "memorysetup-temp-allocator-size-job-worker=262144"
    "memorysetup-temp-allocator-size-preload-manager=33554432"
    "memorysetup-temp-allocator-size-nav-mesh-worker=65536"
    "memorysetup-temp-allocator-size-audio-worker=65536"
    "memorysetup-temp-allocator-size-cloud-worker=32768"
    "memorysetup-temp-allocator-size-gi-baking-worker=262144"
    "memorysetup-temp-allocator-size-gfx=262144"
Unable to join player connection multicast group (err: 10022).
Unable to join player connection alternative multicast group (err: 10022).
Refreshing native plugins compatible for Editor in 102.35 ms, found 3 plugins.
Preloading 0 native plugins for Editor in 0.00 ms.
Initialize engine version: 2021.3.19f1 (c9714fde33b6)
[Subsystems] Discovering subsystems at path C:/Program Files/Unity/Hub/Editor/2021.3.19f1/Editor/Data/Resources/UnitySubsystems
[Subsystems] Discovering subsystems at path D:/develop/Unity/projects/sky-cubes/sky-cubes/Assets
GfxDevice: creating device client; threaded=0; jobified=0
Direct3D:
    Version:  Direct3D 11.0 [level 11.0]
    Renderer: NVIDIA GeForce GT 710 (ID=0x128b)
    Vendor:   NVIDIA
    VRAM:     984 MB
    Driver:   27.21.14.6109
Initialize mono
Mono path[0] = 'C:/Program Files/Unity/Hub/Editor/2021.3.19f1/Editor/Data/Managed'
Mono path[1] = 'C:/Program Files/Unity/Hub/Editor/2021.3.19f1/Editor/Data/MonoBleedingEdge/lib/mono/unityjit-win32'
Mono config path = 'C:/Program Files/Unity/Hub/Editor/2021.3.19f1/Editor/Data/MonoBleedingEdge/etc'
Using monoOptions --debugger-agent=transport=dt_socket,embedding=1,server=y,suspend=n,address=127.0.0.1:56652
Begin MonoManager ReloadAssembly
Registering precompiled unity dll's ...
Register platform support module: C:/Program Files/Unity/Hub/Editor/2021.3.19f1/Editor/Data/PlaybackEngines/AndroidPlayer/UnityEditor.Android.Extensions.dll
Register platform support module: C:/Program Files/Unity/Hub/Editor/2021.3.19f1/Editor/Data/PlaybackEngines/WindowsStandaloneSupport/UnityEditor.WindowsStandalone.Extensions.dll
Register platform support module: C:/Program Files/Unity/Hub/Editor/2021.3.19f1/Editor/Data/PlaybackEngines/MetroSupport/UnityEditor.UWP.Extensions.dll
Registered in 0.010495 seconds.
Native extension for UWP target not found
Native extension for WindowsStandalone target not found
Native extension for Android target not found
Android Extension - Scanning For ADB Devices 377 ms
Refreshing native plugins compatible for Editor in 87.56 ms, found 3 plugins.
Preloading 0 native plugins for Editor in 0.00 ms.
Mono: successfully reloaded assembly
- Completed reload, in  1.171 seconds
Domain Reload Profiling:
	ReloadAssembly (1172ms)
		BeginReloadAssembly (93ms)
			ExecutionOrderSort (0ms)
			DisableScriptedObjects (0ms)
			BackupInstance (0ms)
			ReleaseScriptingObjects (0ms)
			CreateAndSetChildDomain (1ms)
		EndReloadAssembly (935ms)
			LoadAssemblies (92ms)
			RebuildTransferFunctionScriptingTraits (0ms)
			SetupTypeCache (129ms)
			ReleaseScriptCaches (0ms)
			RebuildScriptCaches (35ms)
			SetupLoadedEditorAssemblies (712ms)
				LogAssemblyErrors (0ms)
				InitializePlatformSupportModulesInManaged (475ms)
				SetLoadedEditorAssemblies (0ms)
				RefreshPlugins (88ms)
				BeforeProcessingInitializeOnLoad (1ms)
				ProcessInitializeOnLoadAttributes (97ms)
				ProcessInitializeOnLoadMethodAttributes (50ms)
				AfterProcessingInitializeOnLoad (0ms)
				EditorAssembliesLoaded (0ms)
			ExecutionOrderSort2 (0ms)
			AwakeInstancesAfterBackupRestoration (0ms)
Platform modules already initialized, skipping
Registering precompiled user dll's ...
Registered in 0.004899 seconds.
Begin MonoManager ReloadAssembly
Symbol file LoadedFromMemory doesn't match image D:\develop\Unity\projects\sky-cubes\sky-cubes\Library\PackageCache\com.unity.visualscripting@1.8.0\Editor\VisualScripting.Core\Dependencies\YamlDotNet\Unity.VisualScripting.YamlDotNet.dll
Symbol file LoadedFromMemory doesn't match image D:\develop\Unity\projects\sky-cubes\sky-cubes\Library\PackageCache\com.unity.visualscripting@1.8.0\Editor\VisualScripting.Core\Dependencies\DotNetZip\Unity.VisualScripting.IonicZip.dll
Native extension for UWP target not found
Native extension for WindowsStandalone target not found
Native extension for Android target not found
Refreshing native plugins compatible for Editor in 0.54 ms, found 3 plugins.
Preloading 0 native plugins for Editor in 0.00 ms.
Mono: successfully reloaded assembly
- Completed reload, in  1.305 seconds
Domain Reload Profiling:
	ReloadAssembly (1306ms)
		BeginReloadAssembly (137ms)
			ExecutionOrderSort (0ms)
			DisableScriptedObjects (7ms)
			BackupInstance (0ms)
			ReleaseScriptingObjects (0ms)
			CreateAndSetChildDomain (23ms)
		EndReloadAssembly (1037ms)
			LoadAssemblies (137ms)
			RebuildTransferFunctionScriptingTraits (0ms)
			SetupTypeCache (360ms)
			ReleaseScriptCaches (1ms)
			RebuildScriptCaches (82ms)
			SetupLoadedEditorAssemblies (389ms)
				LogAssemblyErrors (0ms)
				InitializePlatformSupportModulesInManaged (22ms)
				SetLoadedEditorAssemblies (0ms)
				RefreshPlugins (1ms)
				BeforeProcessingInitializeOnLoad (91ms)
				ProcessInitializeOnLoadAttributes (237ms)
				ProcessInitializeOnLoadMethodAttributes (25ms)
				AfterProcessingInitializeOnLoad (12ms)
				EditorAssembliesLoaded (0ms)
			ExecutionOrderSort2 (0ms)
			AwakeInstancesAfterBackupRestoration (9ms)
Platform modules already initialized, skipping
========================================================================
Worker process is ready to serve import requests
Launched and connected shader compiler UnityShaderCompiler.exe after 0.06 seconds
Refreshing native plugins compatible for Editor in 0.79 ms, found 3 plugins.
Preloading 0 native plugins for Editor in 0.00 ms.
Unloading 3047 Unused Serialized files (Serialized files now loaded: 0)
Unloading 24 unused Assets / (113.9 KB). Loaded Objects now: 3509.
Memory consumption went from 107.7 MB to 107.5 MB.
Total: 5.002800 ms (FindLiveObjects: 0.424600 ms CreateObjectMapping: 0.285300 ms MarkObjects: 4.117700 ms  DeleteObjects: 0.173400 ms)

AssetImportParameters requested are different than current active one (requested -> active):
  custom:video-decoder-ogg-theora: a1e56fd34408186e4bbccfd4996cb3dc -> 
  custom:container-muxer-webm: aa71ff27fc2769a1b78a27578f13a17b -> 
  custom:container-demuxer-webm: 4f35f7cbe854078d1ac9338744f61a02 -> 
  custom:video-encoder-webm-vp8: eb34c28f22e8b96e1ab97ce403110664 -> 
  custom:audio-encoder-webm-vorbis: bf7c407c2cedff20999df2af8eb42d56 -> 
  custom:framework-win-MediaFoundation: 216162199b28c13a410421893ffa2e32 -> 
  custom:container-demuxer-ogg: 62fdf1f143b41e24485cea50d1cbac27 -> 
  custom:video-decoder-webm-vp8: 9c59270c3fd7afecdb556c50c9e8de78 -> 
  custom:audio-decoder-ogg-vorbis: bf7c407c2cedff20999df2af8eb42d56 -> 
========================================================================
Received Import Request.
  Time since last request: 1311256.392404 seconds.
  path: Assets
  artifactKey: Guid(00000000000000001000000000000000) Importer(815301076,1909f56bfc062723c751e8b465ee728b)
Start importing Assets using Guid(00000000000000001000000000000000) Importer(815301076,1909f56bfc062723c751e8b465ee728b)  -> (artifact id: '79842766b460edbeab6a34051e857a80') in 0.013628 seconds 
========================================================================
Received Import Request.
  Time since last request: 1.304071 seconds.
  path: Assets/Core
  artifactKey: Guid(3eed1edee88b0ff408d4148b42728a35) Importer(815301076,1909f56bfc062723c751e8b465ee728b)
Start importing Assets/Core using Guid(3eed1edee88b0ff408d4148b42728a35) Importer(815301076,1909f56bfc062723c751e8b465ee728b)  -> (artifact id: 'ce3ee4c9c792313d1621fa887383a6a5') in 0.012533 seconds 
========================================================================
Received Import Request.
  Time since last request: 11.221140 seconds.
  path: Assets/Core/Cubes
  artifactKey: Guid(eaaca3b2646ba944196e656f76e4df1f) Importer(815301076,1909f56bfc062723c751e8b465ee728b)
Start importing Assets/Core/Cubes using Guid(eaaca3b2646ba944196e656f76e4df1f) Importer(815301076,1909f56bfc062723c751e8b465ee728b)  -> (artifact id: 'ef5bcd24bd53c4362e8265825523033c') in 0.013729 seconds 
========================================================================
Received Import Request.
  Time since last request: 14.124880 seconds.
  path: Assets/Core/Cubes/Models
  artifactKey: Guid(8ceb01bf973547b4785f393b42316a25) Importer(815301076,1909f56bfc062723c751e8b465ee728b)
Start importing Assets/Core/Cubes/Models using Guid(8ceb01bf973547b4785f393b42316a25) Importer(815301076,1909f56bfc062723c751e8b465ee728b)  -> (artifact id: 'db25fad0817cd7ae25f119c9ee8d312c') in 0.013914 seconds 
========================================================================
Received Import Request.
  Time since last request: 7.055841 seconds.
  path: Assets/Core/Cubes/Models/cube_coap.fbx
  artifactKey: Guid(d77d877d6b2e1ad42b46d2cbd5c55687) Importer(815301076,1909f56bfc062723c751e8b465ee728b)
Start importing Assets/Core/Cubes/Models/cube_coap.fbx using Guid(d77d877d6b2e1ad42b46d2cbd5c55687) Importer(815301076,1909f56bfc062723c751e8b465ee728b)  -> (artifact id: '576cfdf241b8df29fa12717bd485c518') in 0.521603 seconds 
========================================================================
Received Import Request.
  Time since last request: 13.506706 seconds.
  path: Assets/Core/Cubes/Models/Cube Model.fbx
  artifactKey: Guid(d77d877d6b2e1ad42b46d2cbd5c55687) Importer(815301076,1909f56bfc062723c751e8b465ee728b)
Start importing Assets/Core/Cubes/Models/Cube Model.fbx using Guid(d77d877d6b2e1ad42b46d2cbd5c55687) Importer(815301076,1909f56bfc062723c751e8b465ee728b)  -> (artifact id: '44fbb66fbef5dffdb741853aa9545656') in 0.030370 seconds 
========================================================================
Received Import Request.
  Time since last request: 10.685584 seconds.
  path: Assets/Core/Cubes/Materials
  artifactKey: Guid(03bedd605e7ece44eb11112ef1a5549f) Importer(815301076,1909f56bfc062723c751e8b465ee728b)
Start importing Assets/Core/Cubes/Materials using Guid(03bedd605e7ece44eb11112ef1a5549f) Importer(815301076,1909f56bfc062723c751e8b465ee728b)  -> (artifact id: 'a68f12bb05b83ffbbe1ae3e4cffd5ee6') in 0.012073 seconds 
========================================================================
Received Import Request.
  Time since last request: 20.516306 seconds.
  path: Assets/Core/Cubes/Materials/Cube 1.mat
  artifactKey: Guid(c7261f1285d46164da9068b28928dc2e) Importer(815301076,1909f56bfc062723c751e8b465ee728b)
Start importing Assets/Core/Cubes/Materials/Cube 1.mat using Guid(c7261f1285d46164da9068b28928dc2e) Importer(815301076,1909f56bfc062723c751e8b465ee728b)  -> (artifact id: '7d4e1743212a6b20791d4aa79307b93b') in 0.025196 seconds 
========================================================================
Received Import Request.
  Time since last request: 0.000033 seconds.
  path: Assets/Core/Cubes/Materials/Cube 2.mat
  artifactKey: Guid(bcbfdab157ea7d946b35ec9d4a82ca65) Importer(815301076,1909f56bfc062723c751e8b465ee728b)
Start importing Assets/Core/Cubes/Materials/Cube 2.mat using Guid(bcbfdab157ea7d946b35ec9d4a82ca65) Importer(815301076,1909f56bfc062723c751e8b465ee728b)  -> (artifact id: 'f60630dc31a169e8449f93df840d9c84') in 0.021551 seconds 
========================================================================
Received Import Request.
  Time since last request: 0.000028 seconds.
  path: Assets/Core/Cubes/Materials/CubeToPlace.mat
  artifactKey: Guid(a9ec26e1a0dc69843951df75d3aafa14) Importer(815301076,1909f56bfc062723c751e8b465ee728b)
Start importing Assets/Core/Cubes/Materials/CubeToPlace.mat using Guid(a9ec26e1a0dc69843951df75d3aafa14) Importer(815301076,1909f56bfc062723c751e8b465ee728b)  -> (artifact id: '5d826d4036313cc43cc7ce3141cb83d9') in 0.025745 seconds 
========================================================================
Received Import Request.
  Time since last request: 0.000024 seconds.
  path: Assets/Core/Cubes/Materials/Cube 4.mat
  artifactKey: Guid(6843dbe7a90238d43b1ce0888ada8d6d) Importer(815301076,1909f56bfc062723c751e8b465ee728b)
Start importing Assets/Core/Cubes/Materials/Cube 4.mat using Guid(6843dbe7a90238d43b1ce0888ada8d6d) Importer(815301076,1909f56bfc062723c751e8b465ee728b)  -> (artifact id: '2234aa82c4d59d8541128cc7771ced84') in 0.031276 seconds 
========================================================================
Received Import Request.
  Time since last request: 0.000031 seconds.
  path: Assets/Core/Cubes/Materials/Cube 9.mat
  artifactKey: Guid(214910e084a571544b8727a4ef9b06df) Importer(815301076,1909f56bfc062723c751e8b465ee728b)
Start importing Assets/Core/Cubes/Materials/Cube 9.mat using Guid(214910e084a571544b8727a4ef9b06df) Importer(815301076,1909f56bfc062723c751e8b465ee728b)  -> (artifact id: '534992ef9b653ec66ff3f563b31e5a01') in 0.030160 seconds 
========================================================================
Received Import Request.
  Time since last request: 0.000045 seconds.
  path: Assets/Core/Cubes/Materials/Cube 10.mat
  artifactKey: Guid(627b983e587c1664aaf1fc0994c79d70) Importer(815301076,1909f56bfc062723c751e8b465ee728b)
Start importing Assets/Core/Cubes/Materials/Cube 10.mat using Guid(627b983e587c1664aaf1fc0994c79d70) Importer(815301076,1909f56bfc062723c751e8b465ee728b)  -> (artifact id: '95695e300a163cef49e6c6db6a815ddf') in 0.027019 seconds 
========================================================================
Received Import Request.
  Time since last request: 0.000042 seconds.
  path: Assets/Core/Cubes/Materials/Cube 7.mat
  artifactKey: Guid(75095792bed98ca4e822e407860f2a7c) Importer(815301076,1909f56bfc062723c751e8b465ee728b)
Start importing Assets/Core/Cubes/Materials/Cube 7.mat using Guid(75095792bed98ca4e822e407860f2a7c) Importer(815301076,1909f56bfc062723c751e8b465ee728b)  -> (artifact id: '2f8debc5e4e59e01c7114f4cf513ae4d') in 0.021435 seconds 
========================================================================
Received Import Request.
  Time since last request: 0.000040 seconds.
  path: Assets/Core/Cubes/Materials/Cube 3.mat
  artifactKey: Guid(0636ffc3a2f04004ab3677e4d09ac730) Importer(815301076,1909f56bfc062723c751e8b465ee728b)
Start importing Assets/Core/Cubes/Materials/Cube 3.mat using Guid(0636ffc3a2f04004ab3677e4d09ac730) Importer(815301076,1909f56bfc062723c751e8b465ee728b)  -> (artifact id: 'e7bc99f64bba7df6e58ea9dfe0499ea1') in 0.025943 seconds 
========================================================================
Received Import Request.
  Time since last request: 0.000036 seconds.
  path: Assets/Core/Cubes/Materials/Cube 5.mat
  artifactKey: Guid(777a358345b2aba44b1ae3fbeb251b84) Importer(815301076,1909f56bfc062723c751e8b465ee728b)
Start importing Assets/Core/Cubes/Materials/Cube 5.mat using Guid(777a358345b2aba44b1ae3fbeb251b84) Importer(815301076,1909f56bfc062723c751e8b465ee728b)  -> (artifact id: '9302787c0a03f074cf703c0aae0b5e1f') in 0.020380 seconds 
========================================================================
Received Import Request.
  Time since last request: 0.000031 seconds.
  path: Assets/Core/Cubes/Materials/Cube 8.mat
  artifactKey: Guid(2a3de65042650514a8ac607b5438ee29) Importer(815301076,1909f56bfc062723c751e8b465ee728b)
Start importing Assets/Core/Cubes/Materials/Cube 8.mat using Guid(2a3de65042650514a8ac607b5438ee29) Importer(815301076,1909f56bfc062723c751e8b465ee728b)  -> (artifact id: '33636327fe3d789558ce7fdb07d953ca') in 0.023075 seconds 
========================================================================
Received Import Request.
  Time since last request: 0.000036 seconds.
  path: Assets/Core/Cubes/Materials/Cube 6.mat
  artifactKey: Guid(1e2cf63aa99ff6e448fc61bca6694392) Importer(815301076,1909f56bfc062723c751e8b465ee728b)
Start importing Assets/Core/Cubes/Materials/Cube 6.mat using Guid(1e2cf63aa99ff6e448fc61bca6694392) Importer(815301076,1909f56bfc062723c751e8b465ee728b)  -> (artifact id: '3d67466f6eeba1032b00d0798ae2b003') in 0.020586 seconds 
========================================================================
Received Import Request.
  Time since last request: 18.909772 seconds.
  path: Assets/Core/Cubes/Prefabs
  artifactKey: Guid(892ec8107ed1a6543a4b85bb6c6d8265) Importer(815301076,1909f56bfc062723c751e8b465ee728b)
Start importing Assets/Core/Cubes/Prefabs using Guid(892ec8107ed1a6543a4b85bb6c6d8265) Importer(815301076,1909f56bfc062723c751e8b465ee728b)  -> (artifact id: '6d90057490ac8bc21153c1257d6688c8') in 0.012163 seconds 
========================================================================
Received Import Request.
  Time since last request: 10.156792 seconds.
  path: Assets/Core/Cubes/Prefabs/Cube 1.prefab
  artifactKey: Guid(bde0a8be2396b074dab3e66df7e52025) Importer(815301076,1909f56bfc062723c751e8b465ee728b)
Start importing Assets/Core/Cubes/Prefabs/Cube 1.prefab using Guid(bde0a8be2396b074dab3e66df7e52025) Importer(815301076,1909f56bfc062723c751e8b465ee728b)  -> (artifact id: '348e0aeb93c1c1e907a6442c4792f3b0') in 0.008242 seconds 
========================================================================
Received Import Request.
  Time since last request: 0.000048 seconds.
  path: Assets/Core/Cubes/Prefabs/Cube 5.prefab
  artifactKey: Guid(eede9cb7f428e454cb38f7a200e2f29d) Importer(815301076,1909f56bfc062723c751e8b465ee728b)
Start importing Assets/Core/Cubes/Prefabs/Cube 5.prefab using Guid(eede9cb7f428e454cb38f7a200e2f29d) Importer(815301076,1909f56bfc062723c751e8b465ee728b)  -> (artifact id: '26b2fc13b2063bfb4f2dff7c7428835a') in 0.004987 seconds 
========================================================================
Received Import Request.
  Time since last request: 0.000035 seconds.
  path: Assets/Core/Cubes/Prefabs/Cube 8.prefab
  artifactKey: Guid(a137b270e75f2184197de9fe3a978caa) Importer(815301076,1909f56bfc062723c751e8b465ee728b)
Start importing Assets/Core/Cubes/Prefabs/Cube 8.prefab using Guid(a137b270e75f2184197de9fe3a978caa) Importer(815301076,1909f56bfc062723c751e8b465ee728b)  -> (artifact id: '0b86a1de0ea5838d0f2f2ef00add23cf') in 0.005445 seconds 
========================================================================
Received Import Request.
  Time since last request: 0.000040 seconds.
  path: Assets/Core/Cubes/Prefabs/Cube 6.prefab
  artifactKey: Guid(11147172ce1fcab4fb678a412b5e5370) Importer(815301076,1909f56bfc062723c751e8b465ee728b)
Start importing Assets/Core/Cubes/Prefabs/Cube 6.prefab using Guid(11147172ce1fcab4fb678a412b5e5370) Importer(815301076,1909f56bfc062723c751e8b465ee728b)  -> (artifact id: '9a0122357f3e68d7aaa8a0cad286666e') in 0.007584 seconds 
========================================================================
Received Import Request.
  Time since last request: 0.000052 seconds.
  path: Assets/Core/Cubes/Prefabs/Cube 3.prefab
  artifactKey: Guid(0c7bfdfb5108114478360c4941529706) Importer(815301076,1909f56bfc062723c751e8b465ee728b)
Start importing Assets/Core/Cubes/Prefabs/Cube 3.prefab using Guid(0c7bfdfb5108114478360c4941529706) Importer(815301076,1909f56bfc062723c751e8b465ee728b)  -> (artifact id: '1f28dd2a5dd9ac62d4192fcdf1b1c106') in 0.004440 seconds 
========================================================================
Received Import Request.
  Time since last request: 0.000041 seconds.
  path: Assets/Core/Cubes/Prefabs/Cube 4.prefab
  artifactKey: Guid(2d756888a6a8907419a69aa489b32896) Importer(815301076,1909f56bfc062723c751e8b465ee728b)
Start importing Assets/Core/Cubes/Prefabs/Cube 4.prefab using Guid(2d756888a6a8907419a69aa489b32896) Importer(815301076,1909f56bfc062723c751e8b465ee728b)  -> (artifact id: 'a5330a57f9af98a85582f7a3d167c339') in 0.006265 seconds 
========================================================================
Received Import Request.
  Time since last request: 0.000029 seconds.
  path: Assets/Core/Cubes/Prefabs/Cube 2.prefab
  artifactKey: Guid(d26914a8361ad674d96e14ff802bd7a2) Importer(815301076,1909f56bfc062723c751e8b465ee728b)
Start importing Assets/Core/Cubes/Prefabs/Cube 2.prefab using Guid(d26914a8361ad674d96e14ff802bd7a2) Importer(815301076,1909f56bfc062723c751e8b465ee728b)  -> (artifact id: '329870518461b184d9e828db5c0246fe') in 0.014233 seconds 
========================================================================
Received Import Request.
  Time since last request: 0.000040 seconds.
  path: Assets/Core/Cubes/Prefabs/Cube 9.prefab
  artifactKey: Guid(dee72f4b6ab16ab4f867882d8ca10a43) Importer(815301076,1909f56bfc062723c751e8b465ee728b)
Start importing Assets/Core/Cubes/Prefabs/Cube 9.prefab using Guid(dee72f4b6ab16ab4f867882d8ca10a43) Importer(815301076,1909f56bfc062723c751e8b465ee728b)  -> (artifact id: '2ea4cb6c90f66ae2080fcc3d96572543') in 0.006007 seconds 
========================================================================
Received Import Request.
  Time since last request: 0.000039 seconds.
  path: Assets/Core/Cubes/Prefabs/Cube 7.prefab
  artifactKey: Guid(55091d10457662f46b8ede5db806d3bc) Importer(815301076,1909f56bfc062723c751e8b465ee728b)
Start importing Assets/Core/Cubes/Prefabs/Cube 7.prefab using Guid(55091d10457662f46b8ede5db806d3bc) Importer(815301076,1909f56bfc062723c751e8b465ee728b)  -> (artifact id: 'c4f30eff07f68c7030c9ce9a4f42e5e8') in 0.005838 seconds 
========================================================================
Received Import Request.
  Time since last request: 0.000036 seconds.
  path: Assets/Core/Cubes/Prefabs/Cube 10.prefab
  artifactKey: Guid(92933aa64bee17d4186b78b097e3a345) Importer(815301076,1909f56bfc062723c751e8b465ee728b)
Start importing Assets/Core/Cubes/Prefabs/Cube 10.prefab using Guid(92933aa64bee17d4186b78b097e3a345) Importer(815301076,1909f56bfc062723c751e8b465ee728b)  -> (artifact id: '9da456ad3c658a0953d0e39fb58223e7') in 0.006190 seconds 
========================================================================
Received Import Request.
  Time since last request: 8.228409 seconds.
  path: Assets/Core/Cubes/Scripts
  artifactKey: Guid(3728db4d3f73ee34198e7e24142575fc) Importer(815301076,1909f56bfc062723c751e8b465ee728b)
Start importing Assets/Core/Cubes/Scripts using Guid(3728db4d3f73ee34198e7e24142575fc) Importer(815301076,1909f56bfc062723c751e8b465ee728b)  -> (artifact id: 'e62a41de93ba44bafc6b05be9dfb67da') in 0.010943 seconds 
========================================================================
Received Import Request.
  Time since last request: 1416.311636 seconds.
  path: Assets/Core/Iland
  artifactKey: Guid(6499c2bf30f0cf44e8670a9c0b21fd0b) Importer(815301076,1909f56bfc062723c751e8b465ee728b)
Start importing Assets/Core/Iland using Guid(6499c2bf30f0cf44e8670a9c0b21fd0b) Importer(815301076,1909f56bfc062723c751e8b465ee728b)  -> (artifact id: 'f47ede8c0d11d91becb92f0a9c0dfb4a') in 0.015935 seconds 
========================================================================
Received Import Request.
  Time since last request: 28.369768 seconds.
  path: Assets/Core/Island
  artifactKey: Guid(6499c2bf30f0cf44e8670a9c0b21fd0b) Importer(815301076,1909f56bfc062723c751e8b465ee728b)
Start importing Assets/Core/Island using Guid(6499c2bf30f0cf44e8670a9c0b21fd0b) Importer(815301076,1909f56bfc062723c751e8b465ee728b)  -> (artifact id: 'c03d67fd96c22d7e0954bc0c81239c78') in 0.011988 seconds 
========================================================================
Received Import Request.
  Time since last request: 10.281129 seconds.
  path: Assets/Core/Island/Models
  artifactKey: Guid(1a90ef0f39735a74c9dcec8596a94253) Importer(815301076,1909f56bfc062723c751e8b465ee728b)
Start importing Assets/Core/Island/Models using Guid(1a90ef0f39735a74c9dcec8596a94253) Importer(815301076,1909f56bfc062723c751e8b465ee728b)  -> (artifact id: '20e6eb65609994455bfb43566fead77f') in 0.014217 seconds 
========================================================================
Received Import Request.
  Time since last request: 7.581527 seconds.
  path: Assets/Core/Island/Materials
  artifactKey: Guid(989957f8d0751064aa9a8c7cc1e8eb3f) Importer(815301076,1909f56bfc062723c751e8b465ee728b)
Start importing Assets/Core/Island/Materials using Guid(989957f8d0751064aa9a8c7cc1e8eb3f) Importer(815301076,1909f56bfc062723c751e8b465ee728b)  -> (artifact id: 'a5fdd01a446082bb75a6d45b688e0289') in 0.012168 seconds 
========================================================================
Received Import Request.
  Time since last request: 70.113803 seconds.
  path: Assets/Core/Island/Models/LP.fbx
  artifactKey: Guid(e48ce80ee3ff148439f9d3276bee0719) Importer(815301076,1909f56bfc062723c751e8b465ee728b)
Start importing Assets/Core/Island/Models/LP.fbx using Guid(e48ce80ee3ff148439f9d3276bee0719) Importer(815301076,1909f56bfc062723c751e8b465ee728b)  -> (artifact id: 'e5ca41adafc90b269878da8ce295645a') in 0.126624 seconds 
========================================================================
Received Import Request.
  Time since last request: 6.223890 seconds.
  path: Assets/Core/Island/Models/Island.fbx
  artifactKey: Guid(e48ce80ee3ff148439f9d3276bee0719) Importer(815301076,1909f56bfc062723c751e8b465ee728b)
Start importing Assets/Core/Island/Models/Island.fbx using Guid(e48ce80ee3ff148439f9d3276bee0719) Importer(815301076,1909f56bfc062723c751e8b465ee728b)  -> (artifact id: '75177d14b905ac583a1a35bf1f31fc94') in 0.075035 seconds 
========================================================================
Received Import Request.
  Time since last request: 15.791884 seconds.
  path: Assets/Core/Island/Materials/Island.mat
  artifactKey: Guid(018edf24dd5336f40a9deea499f4601c) Importer(815301076,1909f56bfc062723c751e8b465ee728b)
Start importing Assets/Core/Island/Materials/Island.mat using Guid(018edf24dd5336f40a9deea499f4601c) Importer(815301076,1909f56bfc062723c751e8b465ee728b)  -> (artifact id: '7c251a60972d04adda99f68fa33bd494') in 0.060284 seconds 
========================================================================
Received Import Request.
  Time since last request: 11.725932 seconds.
  path: Assets/Core/Island/Materials 1
  artifactKey: Guid(73071c241300b7546be8175e0a9a569c) Importer(815301076,1909f56bfc062723c751e8b465ee728b)
Start importing Assets/Core/Island/Materials 1 using Guid(73071c241300b7546be8175e0a9a569c) Importer(815301076,1909f56bfc062723c751e8b465ee728b)  -> (artifact id: 'e28476573bebbffd8701b8ee0ffa7efb') in 0.014093 seconds 
========================================================================
Received Import Request.
  Time since last request: 10.527912 seconds.
  path: Assets/Core/Island/Textures
  artifactKey: Guid(550fc386d76093049b53e12aa373adba) Importer(815301076,1909f56bfc062723c751e8b465ee728b)
Start importing Assets/Core/Island/Textures using Guid(550fc386d76093049b53e12aa373adba) Importer(815301076,1909f56bfc062723c751e8b465ee728b)  -> (artifact id: '5563f9d2bafb5bcec4f4014a40e71616') in 0.012493 seconds 
========================================================================
Received Import Request.
  Time since last request: 26.560935 seconds.
  path: Assets/Core/Island/Textures/LPblinn1_ALBEDO+A_3.png
  artifactKey: Guid(96b4fc3370ef5e44aafb87bdd99ea17c) Importer(815301076,1909f56bfc062723c751e8b465ee728b)
Start importing Assets/Core/Island/Textures/LPblinn1_ALBEDO+A_3.png using Guid(96b4fc3370ef5e44aafb87bdd99ea17c) Importer(815301076,1909f56bfc062723c751e8b465ee728b)  -> (artifact id: 'c77652a09b749ae9cf2898501dd107ec') in 0.065324 seconds 
========================================================================
Received Import Request.
  Time since last request: 0.000040 seconds.
  path: Assets/Core/Island/Textures/LPblinn1_NORMAL.png
  artifactKey: Guid(6867272f910571745bde568c9bb5a10d) Importer(815301076,1909f56bfc062723c751e8b465ee728b)
Start importing Assets/Core/Island/Textures/LPblinn1_NORMAL.png using Guid(6867272f910571745bde568c9bb5a10d) Importer(815301076,1909f56bfc062723c751e8b465ee728b)  -> (artifact id: 'f4f0b365da6d27935d9649b12cf6e7c8') in 0.025968 seconds 
========================================================================
Received Import Request.
  Time since last request: 0.000028 seconds.
  path: Assets/Core/Island/Textures/LPblinn1_METALLIC.png
  artifactKey: Guid(9bf8dc0e724fe2942a44361df2cc50dd) Importer(815301076,1909f56bfc062723c751e8b465ee728b)
Start importing Assets/Core/Island/Textures/LPblinn1_METALLIC.png using Guid(9bf8dc0e724fe2942a44361df2cc50dd) Importer(815301076,1909f56bfc062723c751e8b465ee728b)  -> (artifact id: '0e9fe6fc2b06682dba9ce50019019830') in 0.021818 seconds 
========================================================================
Received Import Request.
  Time since last request: 0.000050 seconds.
  path: Assets/Core/Island/Textures/LPblinn1_AO.png
  artifactKey: Guid(e9a3e1a4fd520684e89ae9980416ae8a) Importer(815301076,1909f56bfc062723c751e8b465ee728b)
Start importing Assets/Core/Island/Textures/LPblinn1_AO.png using Guid(e9a3e1a4fd520684e89ae9980416ae8a) Importer(815301076,1909f56bfc062723c751e8b465ee728b)  -> (artifact id: 'd529e76c4fec13c8226e88f76dd47406') in 0.025288 seconds 
========================================================================
Received Import Request.
  Time since last request: 0.000029 seconds.
  path: Assets/Core/Island/Textures/LPblinn1_HIGHT.png
  artifactKey: Guid(9298db78f45ad584aa73285d1c8b1934) Importer(815301076,1909f56bfc062723c751e8b465ee728b)
Start importing Assets/Core/Island/Textures/LPblinn1_HIGHT.png using Guid(9298db78f45ad584aa73285d1c8b1934) Importer(815301076,1909f56bfc062723c751e8b465ee728b)  -> (artifact id: 'fe35bdb0fa1b39c6f32da0a58d87f9f1') in 0.013628 seconds 
========================================================================
Received Import Request.
  Time since last request: 119.022690 seconds.
  path: Assets/Core/Island/Models/Island.fbx
  artifactKey: Guid(e48ce80ee3ff148439f9d3276bee0719) Importer(815301076,1909f56bfc062723c751e8b465ee728b)
Start importing Assets/Core/Island/Models/Island.fbx using Guid(e48ce80ee3ff148439f9d3276bee0719) Importer(815301076,1909f56bfc062723c751e8b465ee728b)  -> (artifact id: 'b4e70d60174b61f3a1eebdc19659fd69') in 0.040715 seconds 
========================================================================
Received Import Request.
  Time since last request: 86.725160 seconds.
  path: Assets/Core/Island/New Folder
  artifactKey: Guid(71637e7a0b27c1b4ab80e217b3b5956e) Importer(815301076,1909f56bfc062723c751e8b465ee728b)
Start importing Assets/Core/Island/New Folder using Guid(71637e7a0b27c1b4ab80e217b3b5956e) Importer(815301076,1909f56bfc062723c751e8b465ee728b)  -> (artifact id: 'bd60eac101806e862985d4c7499f072d') in 0.011785 seconds 
========================================================================
Received Import Request.
  Time since last request: 431.556900 seconds.
  path: Assets/Core/Rotator
  artifactKey: Guid(ef7c1a75120e76d42a04af82dec3bf8c) Importer(815301076,1909f56bfc062723c751e8b465ee728b)
Start importing Assets/Core/Rotator using Guid(ef7c1a75120e76d42a04af82dec3bf8c) Importer(815301076,1909f56bfc062723c751e8b465ee728b)  -> (artifact id: 'e0f71d156cdeb9d212685dfbac68b2dc') in 0.012553 seconds 
========================================================================
Received Import Request.
  Time since last request: 8.134059 seconds.
  path: Assets/Core/Rotator/Scripts
  artifactKey: Guid(f326f485ed029e54a9d4edac62122660) Importer(815301076,1909f56bfc062723c751e8b465ee728b)
Start importing Assets/Core/Rotator/Scripts using Guid(f326f485ed029e54a9d4edac62122660) Importer(815301076,1909f56bfc062723c751e8b465ee728b)  -> (artifact id: 'db4a1f35d16aad442a3651f86561b269') in 0.013028 seconds 
========================================================================
Received Import Request.
  Time since last request: 212.128570 seconds.
  path: Assets/Core/Clouds
  artifactKey: Guid(b2e123b71ced9d94ba068ff4a268b7ae) Importer(815301076,1909f56bfc062723c751e8b465ee728b)
Start importing Assets/Core/Clouds using Guid(b2e123b71ced9d94ba068ff4a268b7ae) Importer(815301076,1909f56bfc062723c751e8b465ee728b)  -> (artifact id: '9ef4de846c75aa5694aab29e1da673d7') in 0.017276 seconds 
========================================================================
Received Import Request.
  Time since last request: 2.283297 seconds.
  path: Assets/Core/Clouds/Object
  artifactKey: Guid(a25e95657bc34cc4296460f3f8af58a3) Importer(815301076,1909f56bfc062723c751e8b465ee728b)
Start importing Assets/Core/Clouds/Object using Guid(a25e95657bc34cc4296460f3f8af58a3) Importer(815301076,1909f56bfc062723c751e8b465ee728b)  -> (artifact id: '06aa1871c0898ecee45c1319c8fe2366') in 0.018856 seconds 
========================================================================
Received Import Request.
  Time since last request: 5.142182 seconds.
  path: Assets/Core/Clouds/Models
  artifactKey: Guid(a25e95657bc34cc4296460f3f8af58a3) Importer(815301076,1909f56bfc062723c751e8b465ee728b)
Start importing Assets/Core/Clouds/Models using Guid(a25e95657bc34cc4296460f3f8af58a3) Importer(815301076,1909f56bfc062723c751e8b465ee728b)  -> (artifact id: '9829493a178606022b6fb9b9de2cc70b') in 0.013660 seconds 
========================================================================
Received Import Request.
  Time since last request: 1.538582 seconds.
  path: Assets/Core/Clouds/Models/Cloud_1.fbx
  artifactKey: Guid(51ca32e6226fff54daa291ddc1a3fbbb) Importer(815301076,1909f56bfc062723c751e8b465ee728b)
Start importing Assets/Core/Clouds/Models/Cloud_1.fbx using Guid(51ca32e6226fff54daa291ddc1a3fbbb) Importer(815301076,1909f56bfc062723c751e8b465ee728b)  -> (artifact id: 'ab0441e149c474b438c55cfafc572f27') in 0.531675 seconds 
========================================================================
Received Import Request.
  Time since last request: 51.187674 seconds.
  path: Assets/Resourses
  artifactKey: Guid(470ce6d427d58194bb2a012fe4752772) Importer(815301076,1909f56bfc062723c751e8b465ee728b)
Start importing Assets/Resourses using Guid(470ce6d427d58194bb2a012fe4752772) Importer(815301076,1909f56bfc062723c751e8b465ee728b)  -> (artifact id: '2e1db479841a4bc90357ce70b1b258d1') in 0.013997 seconds 
========================================================================
Received Import Request.
  Time since last request: 59.088686 seconds.
  path: Assets/Resourses/Free Stylized Skybox/Panoramic/Materials/Sky_LowPoly_02_Night_a.mat
  artifactKey: Guid(aa87107d0c3535c4983a4edb2d0e9f7b) Importer(815301076,1909f56bfc062723c751e8b465ee728b)
Start importing Assets/Resourses/Free Stylized Skybox/Panoramic/Materials/Sky_LowPoly_02_Night_a.mat using Guid(aa87107d0c3535c4983a4edb2d0e9f7b) Importer(815301076,1909f56bfc062723c751e8b465ee728b)  -> (artifact id: 'cad34a437a532043deef7af352c36165') in 0.814076 seconds 
========================================================================
Received Import Request.
  Time since last request: 2.330445 seconds.
  path: Assets/Resourses/Free Stylized Skybox/CubeMap/Textures/Sky_Anime_03_Day_a.png
  artifactKey: Guid(e3de3e8435d45a64fa4aa46634ced55a) Importer(815301076,1909f56bfc062723c751e8b465ee728b)
Start importing Assets/Resourses/Free Stylized Skybox/CubeMap/Textures/Sky_Anime_03_Day_a.png using Guid(e3de3e8435d45a64fa4aa46634ced55a) Importer(815301076,1909f56bfc062723c751e8b465ee728b)  -> (artifact id: '9a67077e39b17ded3b96ce5193b44235') in 1.217262 seconds 
========================================================================
Received Import Request.
  Time since last request: 0.000152 seconds.
  path: Assets/Resourses/Free Stylized Skybox/CubeMap/Textures/Sky_LowPoly_02_Night_a.png
  artifactKey: Guid(b4503954fd147c94180872808dde9eb3) Importer(815301076,1909f56bfc062723c751e8b465ee728b)
Start importing Assets/Resourses/Free Stylized Skybox/CubeMap/Textures/Sky_LowPoly_02_Night_a.png using Guid(b4503954fd147c94180872808dde9eb3) Importer(815301076,1909f56bfc062723c751e8b465ee728b)  -> (artifact id: '5d4db17505c7e8000c78bf1b2143dca1') in 0.324396 seconds 
========================================================================
Received Import Request.
  Time since last request: 0.009178 seconds.
  path: Assets/Resourses/Free Stylized Skybox/CubeMap/Textures/Sky_Anime_15_Day_a.png
  artifactKey: Guid(fca5a57d63136f6428a1d31d1ab2c777) Importer(815301076,1909f56bfc062723c751e8b465ee728b)
Start importing Assets/Resourses/Free Stylized Skybox/CubeMap/Textures/Sky_Anime_15_Day_a.png using Guid(fca5a57d63136f6428a1d31d1ab2c777) Importer(815301076,1909f56bfc062723c751e8b465ee728b)  -> (artifact id: '2409b6e7437734ee965aeb106fb92e13') in 0.580388 seconds 
========================================================================
Received Import Request.
  Time since last request: 0.000067 seconds.
  path: Assets/Resourses/Free Stylized Skybox/CubeMap/Materials/Sky_Anime_03_Day_a.mat
  artifactKey: Guid(55e64e617a8bfff4ba846574e2651eb9) Importer(815301076,1909f56bfc062723c751e8b465ee728b)
Start importing Assets/Resourses/Free Stylized Skybox/CubeMap/Materials/Sky_Anime_03_Day_a.mat using Guid(55e64e617a8bfff4ba846574e2651eb9) Importer(815301076,1909f56bfc062723c751e8b465ee728b)  -> (artifact id: '79b5fc4093e804959fb8b9f2b3534164') in 0.268744 seconds 
========================================================================
Received Import Request.
  Time since last request: 0.000053 seconds.
  path: Assets/Resourses/Free Stylized Skybox/CubeMap/Textures/Sky_Anime_11_morning_a.png
  artifactKey: Guid(c1473a09822798a41a9cfa11f2721db6) Importer(815301076,1909f56bfc062723c751e8b465ee728b)
Start importing Assets/Resourses/Free Stylized Skybox/CubeMap/Textures/Sky_Anime_11_morning_a.png using Guid(c1473a09822798a41a9cfa11f2721db6) Importer(815301076,1909f56bfc062723c751e8b465ee728b)  -> (artifact id: '6318af7fea489d68a89bebea69c1741f') in 0.382371 seconds 
========================================================================
Received Import Request.
  Time since last request: 0.000054 seconds.
  path: Assets/Resourses/Free Stylized Skybox/CubeMap/Textures/Sky_LowPoly_01_Day_a.png
  artifactKey: Guid(15941f70fce71784da1321794120ea6a) Importer(815301076,1909f56bfc062723c751e8b465ee728b)
Start importing Assets/Resourses/Free Stylized Skybox/CubeMap/Textures/Sky_LowPoly_01_Day_a.png using Guid(15941f70fce71784da1321794120ea6a) Importer(815301076,1909f56bfc062723c751e8b465ee728b)  -> (artifact id: 'd342766cdea62a4fc9031a19fd325bfc') in 0.351131 seconds 
========================================================================
Received Import Request.
  Time since last request: 0.000055 seconds.
  path: Assets/Resourses/Free Stylized Skybox/CubeMap/Materials/Sky_Anime_18_day_a.mat
  artifactKey: Guid(b2f1a98efccfb644f8e084200a249527) Importer(815301076,1909f56bfc062723c751e8b465ee728b)
Start importing Assets/Resourses/Free Stylized Skybox/CubeMap/Materials/Sky_Anime_18_day_a.mat using Guid(b2f1a98efccfb644f8e084200a249527) Importer(815301076,1909f56bfc062723c751e8b465ee728b)  -> (artifact id: 'a61bc9fea97854d3f67b329fe566b0cb') in 0.358251 seconds 
========================================================================
Received Import Request.
  Time since last request: 0.000058 seconds.
  path: Assets/Resourses/Free Stylized Skybox/CubeMap/Materials/Sky_Anime_15_Day_a.mat
  artifactKey: Guid(50bf15468c19e0e40b5bf26662770a34) Importer(815301076,1909f56bfc062723c751e8b465ee728b)
Start importing Assets/Resourses/Free Stylized Skybox/CubeMap/Materials/Sky_Anime_15_Day_a.mat using Guid(50bf15468c19e0e40b5bf26662770a34) Importer(815301076,1909f56bfc062723c751e8b465ee728b)  -> (artifact id: '05d43c1d6e47003cc233dedb0836f17d') in 0.332817 seconds 
========================================================================
Received Import Request.
  Time since last request: 0.000089 seconds.
  path: Assets/Resourses/Free Stylized Skybox/CubeMap/Materials/Sky_LowPoly_02_Night_a.mat
  artifactKey: Guid(c1c961cbd00909b45b34d97fd7df5cbf) Importer(815301076,1909f56bfc062723c751e8b465ee728b)
Start importing Assets/Resourses/Free Stylized Skybox/CubeMap/Materials/Sky_LowPoly_02_Night_a.mat using Guid(c1c961cbd00909b45b34d97fd7df5cbf) Importer(815301076,1909f56bfc062723c751e8b465ee728b)  -> (artifact id: 'b6cef17c90aeeaeae9e497587833c8d8') in 0.469690 seconds 
========================================================================
Received Import Request.
  Time since last request: 0.000029 seconds.
  path: Assets/Resourses/Free Stylized Skybox/CubeMap/Textures/Sky_Anime_18_day_a.png
  artifactKey: Guid(b15764350a2285e49a165af927da5da5) Importer(815301076,1909f56bfc062723c751e8b465ee728b)
Start importing Assets/Resourses/Free Stylized Skybox/CubeMap/Textures/Sky_Anime_18_day_a.png using Guid(b15764350a2285e49a165af927da5da5) Importer(815301076,1909f56bfc062723c751e8b465ee728b)  -> (artifact id: '1da479f91bcac86af680351ee4835627') in 0.172728 seconds 
========================================================================
Received Import Request.
  Time since last request: 0.000054 seconds.
  path: Assets/Resourses/Free Stylized Skybox/CubeMap/Materials/Sky_Anime_11_morning_a.mat
  artifactKey: Guid(8162517b6ec2309499f99e303b29f146) Importer(815301076,1909f56bfc062723c751e8b465ee728b)
Start importing Assets/Resourses/Free Stylized Skybox/CubeMap/Materials/Sky_Anime_11_morning_a.mat using Guid(8162517b6ec2309499f99e303b29f146) Importer(815301076,1909f56bfc062723c751e8b465ee728b)  -> (artifact id: 'b65f5d57c813b83481a2bc91a16edd64') in 0.321467 seconds 
========================================================================
Received Import Request.
  Time since last request: 0.000039 seconds.
  path: Assets/Resourses/Free Stylized Skybox/CubeMap/Materials/Sky_LowPoly_01_Day_a.mat
  artifactKey: Guid(133347283e115d147a5fcce7f47a538f) Importer(815301076,1909f56bfc062723c751e8b465ee728b)
Start importing Assets/Resourses/Free Stylized Skybox/CubeMap/Materials/Sky_LowPoly_01_Day_a.mat using Guid(133347283e115d147a5fcce7f47a538f) Importer(815301076,1909f56bfc062723c751e8b465ee728b)  -> (artifact id: 'd24d0378ecb64b1d2cbbfc0923075de3') in 0.164114 seconds 
========================================================================
Received Import Request.
  Time since last request: 67.206873 seconds.
  path: Assets/Resourses/Free Stylized Skybox/Panoramic/Textures/Sky_Anime_03_Day_a.png
  artifactKey: Guid(f533b109bd941ea44b93a29274d4eef9) Importer(815301076,1909f56bfc062723c751e8b465ee728b)
Start importing Assets/Resourses/Free Stylized Skybox/Panoramic/Textures/Sky_Anime_03_Day_a.png using Guid(f533b109bd941ea44b93a29274d4eef9) Importer(815301076,1909f56bfc062723c751e8b465ee728b)  -> (artifact id: '8442e67954fb857d6148824146d3022b') in 0.218978 seconds 
========================================================================
Received Import Request.
  Time since last request: 0.000072 seconds.
  path: Assets/Resourses/Free Stylized Skybox/Panoramic/Textures/Sky_LowPoly_01_Day_a.png
  artifactKey: Guid(b3453e84aa7d88a47a6b80b04864177c) Importer(815301076,1909f56bfc062723c751e8b465ee728b)
Start importing Assets/Resourses/Free Stylized Skybox/Panoramic/Textures/Sky_LowPoly_01_Day_a.png using Guid(b3453e84aa7d88a47a6b80b04864177c) Importer(815301076,1909f56bfc062723c751e8b465ee728b)  -> (artifact id: '28dd33ff987fa26a420e0abfd80c23ba') in 0.114478 seconds 
========================================================================
Received Import Request.
  Time since last request: 0.000044 seconds.
  path: Assets/Resourses/Free Stylized Skybox/Panoramic/Textures/Sky_LowPoly_02_Night_a.png
  artifactKey: Guid(db7650dac9116b24f9ce64ccac6b74f8) Importer(815301076,1909f56bfc062723c751e8b465ee728b)
Start importing Assets/Resourses/Free Stylized Skybox/Panoramic/Textures/Sky_LowPoly_02_Night_a.png using Guid(db7650dac9116b24f9ce64ccac6b74f8) Importer(815301076,1909f56bfc062723c751e8b465ee728b)  -> (artifact id: '2697864428a30e8e40f6cdd7bb21f259') in 0.163780 seconds 
========================================================================
Received Import Request.
  Time since last request: 0.000051 seconds.
  path: Assets/Resourses/Free Stylized Skybox/Panoramic/Textures/Sky_Anime_15_Day_a.png
  artifactKey: Guid(80d697d9e2b2d324da231c441502f3e8) Importer(815301076,1909f56bfc062723c751e8b465ee728b)
Start importing Assets/Resourses/Free Stylized Skybox/Panoramic/Textures/Sky_Anime_15_Day_a.png using Guid(80d697d9e2b2d324da231c441502f3e8) Importer(815301076,1909f56bfc062723c751e8b465ee728b)  -> (artifact id: 'f4f153373d5eab0f6d9fdef73217cec1') in 0.156497 seconds 
========================================================================
Received Import Request.
  Time since last request: 0.000032 seconds.
  path: Assets/Resourses/Free Stylized Skybox/Panoramic/Textures/Sky_Anime_11_morning_a.png
  artifactKey: Guid(7aec8516610b2ff4abcdda8106713279) Importer(815301076,1909f56bfc062723c751e8b465ee728b)
Start importing Assets/Resourses/Free Stylized Skybox/Panoramic/Textures/Sky_Anime_11_morning_a.png using Guid(7aec8516610b2ff4abcdda8106713279) Importer(815301076,1909f56bfc062723c751e8b465ee728b)  -> (artifact id: 'e2ba6de6a4de9a67d67aeccfd2041d39') in 0.171697 seconds 
========================================================================
Received Import Request.
  Time since last request: 0.000042 seconds.
  path: Assets/Resourses/Free Stylized Skybox/Panoramic/Textures/Sky_Anime_18_day_a.png
  artifactKey: Guid(79d597b1e21ad6f43a22cf1308281022) Importer(815301076,1909f56bfc062723c751e8b465ee728b)
Start importing Assets/Resourses/Free Stylized Skybox/Panoramic/Textures/Sky_Anime_18_day_a.png using Guid(79d597b1e21ad6f43a22cf1308281022) Importer(815301076,1909f56bfc062723c751e8b465ee728b)  -> (artifact id: '5afc94b74067fbd2f32fad5df9a87606') in 0.134358 seconds 
========================================================================
Received Import Request.
  Time since last request: 15.040683 seconds.
  path: Assets/Resourses/Free Stylized Skybox/Panoramic/Materials/Sky_Anime_03_Day_a.mat
  artifactKey: Guid(6bfab16f387f95e4bb60f866299be241) Importer(815301076,1909f56bfc062723c751e8b465ee728b)
Start importing Assets/Resourses/Free Stylized Skybox/Panoramic/Materials/Sky_Anime_03_Day_a.mat using Guid(6bfab16f387f95e4bb60f866299be241) Importer(815301076,1909f56bfc062723c751e8b465ee728b)  -> (artifact id: '288479cae2a8053acd56031674e04b91') in 0.043944 seconds 
========================================================================
Received Import Request.
  Time since last request: 0.000027 seconds.
  path: Assets/Resourses/Free Stylized Skybox/Panoramic/Materials/Sky_Anime_15_Day_a.mat
  artifactKey: Guid(d04fa9ef91692c6429efccdf42970c46) Importer(815301076,1909f56bfc062723c751e8b465ee728b)
Start importing Assets/Resourses/Free Stylized Skybox/Panoramic/Materials/Sky_Anime_15_Day_a.mat using Guid(d04fa9ef91692c6429efccdf42970c46) Importer(815301076,1909f56bfc062723c751e8b465ee728b)  -> (artifact id: '28109349592eae251cb9fa9297ed3c81') in 0.028079 seconds 
========================================================================
Received Import Request.
  Time since last request: 0.000046 seconds.
  path: Assets/Resourses/Free Stylized Skybox/Panoramic/Materials/Sky_Anime_11_morning_a.mat
  artifactKey: Guid(3f698c5d47507d54db2dcb930054532e) Importer(815301076,1909f56bfc062723c751e8b465ee728b)
Start importing Assets/Resourses/Free Stylized Skybox/Panoramic/Materials/Sky_Anime_11_morning_a.mat using Guid(3f698c5d47507d54db2dcb930054532e) Importer(815301076,1909f56bfc062723c751e8b465ee728b)  -> (artifact id: 'f09dd316d79f58d0af1e0b5989ad4c71') in 0.020047 seconds 
========================================================================
Received Import Request.
  Time since last request: 0.000031 seconds.
  path: Assets/Resourses/Free Stylized Skybox/Panoramic/Materials/Sky_Anime_18_day_a.mat
  artifactKey: Guid(f9ec1c0318dcc3149b0e9ae62a6d8cdf) Importer(815301076,1909f56bfc062723c751e8b465ee728b)
Start importing Assets/Resourses/Free Stylized Skybox/Panoramic/Materials/Sky_Anime_18_day_a.mat using Guid(f9ec1c0318dcc3149b0e9ae62a6d8cdf) Importer(815301076,1909f56bfc062723c751e8b465ee728b)  -> (artifact id: 'a16101ac5a63127b6d480659ca7b54bb') in 0.056944 seconds 
========================================================================
Received Import Request.
  Time since last request: 0.000028 seconds.
  path: Assets/Resourses/Free Stylized Skybox/Panoramic/Materials/Sky_LowPoly_02_Night_a.mat
  artifactKey: Guid(aa87107d0c3535c4983a4edb2d0e9f7b) Importer(815301076,1909f56bfc062723c751e8b465ee728b)
Start importing Assets/Resourses/Free Stylized Skybox/Panoramic/Materials/Sky_LowPoly_02_Night_a.mat using Guid(aa87107d0c3535c4983a4edb2d0e9f7b) Importer(815301076,1909f56bfc062723c751e8b465ee728b)  -> (artifact id: '03a63bbd68b6264802776f851cfb9c7d') in 0.062194 seconds 
========================================================================
Received Import Request.
  Time since last request: 0.000031 seconds.
  path: Assets/Resourses/Free Stylized Skybox/Panoramic/Materials/Sky_LowPoly_01_Day_a.mat
  artifactKey: Guid(6abe918ee1229b34f8557fc2a5a39825) Importer(815301076,1909f56bfc062723c751e8b465ee728b)
Start importing Assets/Resourses/Free Stylized Skybox/Panoramic/Materials/Sky_LowPoly_01_Day_a.mat using Guid(6abe918ee1229b34f8557fc2a5a39825) Importer(815301076,1909f56bfc062723c751e8b465ee728b)  -> (artifact id: '83a687299ae65dc0c92a51631a3d197e') in 0.541577 seconds 
========================================================================
Received Prepare
Registering precompiled user dll's ...
Registered in 0.062096 seconds.
Begin MonoManager ReloadAssembly
Symbol file LoadedFromMemory doesn't match image D:\develop\Unity\projects\sky-cubes\sky-cubes\Library\PackageCache\com.unity.visualscripting@1.8.0\Editor\VisualScripting.Core\Dependencies\YamlDotNet\Unity.VisualScripting.YamlDotNet.dll
Symbol file LoadedFromMemory doesn't match image D:\develop\Unity\projects\sky-cubes\sky-cubes\Library\PackageCache\com.unity.visualscripting@1.8.0\Editor\VisualScripting.Core\Dependencies\DotNetZip\Unity.VisualScripting.IonicZip.dll
Native extension for UWP target not found
Native extension for WindowsStandalone target not found
Native extension for Android target not found
Refreshing native plugins compatible for Editor in 0.91 ms, found 3 plugins.
Preloading 0 native plugins for Editor in 0.00 ms.
Mono: successfully reloaded assembly
- Completed reload, in  4.205 seconds
Domain Reload Profiling:
	ReloadAssembly (4212ms)
		BeginReloadAssembly (2450ms)
			ExecutionOrderSort (0ms)
			DisableScriptedObjects (193ms)
			BackupInstance (0ms)
			ReleaseScriptingObjects (0ms)
			CreateAndSetChildDomain (386ms)
		EndReloadAssembly (1413ms)
			LoadAssemblies (1346ms)
			RebuildTransferFunctionScriptingTraits (1ms)
			SetupTypeCache (496ms)
			ReleaseScriptCaches (6ms)
			RebuildScriptCaches (81ms)
			SetupLoadedEditorAssemblies (419ms)
				LogAssemblyErrors (0ms)
				InitializePlatformSupportModulesInManaged (45ms)
				SetLoadedEditorAssemblies (1ms)
				RefreshPlugins (1ms)
				BeforeProcessingInitializeOnLoad (90ms)
				ProcessInitializeOnLoadAttributes (248ms)
				ProcessInitializeOnLoadMethodAttributes (24ms)
				AfterProcessingInitializeOnLoad (10ms)
				EditorAssembliesLoaded (0ms)
			ExecutionOrderSort2 (0ms)
			AwakeInstancesAfterBackupRestoration (8ms)
Platform modules already initialized, skipping
Refreshing native plugins compatible for Editor in 5.17 ms, found 3 plugins.
Preloading 0 native plugins for Editor in 0.00 ms.
Unloading 3043 Unused Serialized files (Serialized files now loaded: 0)
Unloading 17 unused Assets / (80.3 KB). Loaded Objects now: 3564.
Memory consumption went from 112.6 MB to 112.5 MB.
Total: 6.509600 ms (FindLiveObjects: 0.309300 ms CreateObjectMapping: 0.174300 ms MarkObjects: 5.454100 ms  DeleteObjects: 0.570600 ms)

AssetImportParameters requested are different than current active one (requested -> active):
  custom:video-decoder-ogg-theora: a1e56fd34408186e4bbccfd4996cb3dc -> 
  custom:container-muxer-webm: aa71ff27fc2769a1b78a27578f13a17b -> 
  custom:container-demuxer-webm: 4f35f7cbe854078d1ac9338744f61a02 -> 
  custom:video-encoder-webm-vp8: eb34c28f22e8b96e1ab97ce403110664 -> 
  custom:audio-encoder-webm-vorbis: bf7c407c2cedff20999df2af8eb42d56 -> 
  custom:framework-win-MediaFoundation: 216162199b28c13a410421893ffa2e32 -> 
  custom:container-demuxer-ogg: 62fdf1f143b41e24485cea50d1cbac27 -> 
  custom:video-decoder-webm-vp8: 9c59270c3fd7afecdb556c50c9e8de78 -> 
  custom:audio-decoder-ogg-vorbis: bf7c407c2cedff20999df2af8eb42d56 -> 
========================================================================
Received Prepare
Registering precompiled user dll's ...
Registered in 0.004374 seconds.
Begin MonoManager ReloadAssembly
Symbol file LoadedFromMemory doesn't match image D:\develop\Unity\projects\sky-cubes\sky-cubes\Library\PackageCache\com.unity.visualscripting@1.8.0\Editor\VisualScripting.Core\Dependencies\YamlDotNet\Unity.VisualScripting.YamlDotNet.dll
Symbol file LoadedFromMemory doesn't match image D:\develop\Unity\projects\sky-cubes\sky-cubes\Library\PackageCache\com.unity.visualscripting@1.8.0\Editor\VisualScripting.Core\Dependencies\DotNetZip\Unity.VisualScripting.IonicZip.dll
Native extension for UWP target not found
Native extension for WindowsStandalone target not found
Native extension for Android target not found
Refreshing native plugins compatible for Editor in 0.66 ms, found 3 plugins.
Preloading 0 native plugins for Editor in 0.00 ms.
Mono: successfully reloaded assembly
- Completed reload, in  1.326 seconds
Domain Reload Profiling:
	ReloadAssembly (1327ms)
		BeginReloadAssembly (158ms)
			ExecutionOrderSort (0ms)
			DisableScriptedObjects (7ms)
			BackupInstance (0ms)
			ReleaseScriptingObjects (0ms)
			CreateAndSetChildDomain (41ms)
		EndReloadAssembly (1014ms)
			LoadAssemblies (112ms)
			RebuildTransferFunctionScriptingTraits (0ms)
			SetupTypeCache (389ms)
			ReleaseScriptCaches (1ms)
			RebuildScriptCaches (51ms)
			SetupLoadedEditorAssemblies (394ms)
				LogAssemblyErrors (0ms)
				InitializePlatformSupportModulesInManaged (34ms)
				SetLoadedEditorAssemblies (1ms)
				RefreshPlugins (1ms)
				BeforeProcessingInitializeOnLoad (92ms)
				ProcessInitializeOnLoadAttributes (236ms)
				ProcessInitializeOnLoadMethodAttributes (21ms)
				AfterProcessingInitializeOnLoad (9ms)
				EditorAssembliesLoaded (0ms)
			ExecutionOrderSort2 (0ms)
			AwakeInstancesAfterBackupRestoration (7ms)
Platform modules already initialized, skipping
Refreshing native plugins compatible for Editor in 1.40 ms, found 3 plugins.
Preloading 0 native plugins for Editor in 0.00 ms.
Unloading 3043 Unused Serialized files (Serialized files now loaded: 0)
Unloading 17 unused Assets / (80.3 KB). Loaded Objects now: 3567.
Memory consumption went from 112.6 MB to 112.5 MB.
Total: 5.765300 ms (FindLiveObjects: 0.262300 ms CreateObjectMapping: 0.169600 ms MarkObjects: 5.212700 ms  DeleteObjects: 0.119300 ms)

AssetImportParameters requested are different than current active one (requested -> active):
  custom:video-decoder-ogg-theora: a1e56fd34408186e4bbccfd4996cb3dc -> 
  custom:container-muxer-webm: aa71ff27fc2769a1b78a27578f13a17b -> 
  custom:container-demuxer-webm: 4f35f7cbe854078d1ac9338744f61a02 -> 
  custom:video-encoder-webm-vp8: eb34c28f22e8b96e1ab97ce403110664 -> 
  custom:audio-encoder-webm-vorbis: bf7c407c2cedff20999df2af8eb42d56 -> 
  custom:framework-win-MediaFoundation: 216162199b28c13a410421893ffa2e32 -> 
  custom:container-demuxer-ogg: 62fdf1f143b41e24485cea50d1cbac27 -> 
  custom:video-decoder-webm-vp8: 9c59270c3fd7afecdb556c50c9e8de78 -> 
  custom:audio-decoder-ogg-vorbis: bf7c407c2cedff20999df2af8eb42d56 -> 
========================================================================
Received Prepare
Registering precompiled user dll's ...
Registered in 0.005926 seconds.
Begin MonoManager ReloadAssembly
Symbol file LoadedFromMemory doesn't match image D:\develop\Unity\projects\sky-cubes\sky-cubes\Library\PackageCache\com.unity.visualscripting@1.8.0\Editor\VisualScripting.Core\Dependencies\YamlDotNet\Unity.VisualScripting.YamlDotNet.dll
Symbol file LoadedFromMemory doesn't match image D:\develop\Unity\projects\sky-cubes\sky-cubes\Library\PackageCache\com.unity.visualscripting@1.8.0\Editor\VisualScripting.Core\Dependencies\DotNetZip\Unity.VisualScripting.IonicZip.dll
Native extension for UWP target not found
Native extension for WindowsStandalone target not found
Native extension for Android target not found
Refreshing native plugins compatible for Editor in 0.58 ms, found 3 plugins.
Preloading 0 native plugins for Editor in 0.00 ms.
Mono: successfully reloaded assembly
- Completed reload, in  1.521 seconds
Domain Reload Profiling:
	ReloadAssembly (1523ms)
		BeginReloadAssembly (287ms)
			ExecutionOrderSort (0ms)
			DisableScriptedObjects (9ms)
			BackupInstance (0ms)
			ReleaseScriptingObjects (0ms)
			CreateAndSetChildDomain (54ms)
		EndReloadAssembly (1075ms)
			LoadAssemblies (132ms)
			RebuildTransferFunctionScriptingTraits (0ms)
			SetupTypeCache (457ms)
			ReleaseScriptCaches (1ms)
			RebuildScriptCaches (59ms)
			SetupLoadedEditorAssemblies (353ms)
				LogAssemblyErrors (0ms)
				InitializePlatformSupportModulesInManaged (34ms)
				SetLoadedEditorAssemblies (0ms)
				RefreshPlugins (1ms)
				BeforeProcessingInitializeOnLoad (73ms)
				ProcessInitializeOnLoadAttributes (214ms)
				ProcessInitializeOnLoadMethodAttributes (21ms)
				AfterProcessingInitializeOnLoad (10ms)
				EditorAssembliesLoaded (0ms)
			ExecutionOrderSort2 (0ms)
			AwakeInstancesAfterBackupRestoration (9ms)
Platform modules already initialized, skipping
Refreshing native plugins compatible for Editor in 2.32 ms, found 3 plugins.
Preloading 0 native plugins for Editor in 0.00 ms.
Unloading 3043 Unused Serialized files (Serialized files now loaded: 0)
Unloading 17 unused Assets / (80.1 KB). Loaded Objects now: 3570.
Memory consumption went from 112.6 MB to 112.5 MB.
Total: 2.859500 ms (FindLiveObjects: 0.290400 ms CreateObjectMapping: 0.174100 ms MarkObjects: 2.301600 ms  DeleteObjects: 0.092300 ms)

AssetImportParameters requested are different than current active one (requested -> active):
  custom:video-decoder-ogg-theora: a1e56fd34408186e4bbccfd4996cb3dc -> 
  custom:container-muxer-webm: aa71ff27fc2769a1b78a27578f13a17b -> 
  custom:container-demuxer-webm: 4f35f7cbe854078d1ac9338744f61a02 -> 
  custom:video-encoder-webm-vp8: eb34c28f22e8b96e1ab97ce403110664 -> 
  custom:audio-encoder-webm-vorbis: bf7c407c2cedff20999df2af8eb42d56 -> 
  custom:framework-win-MediaFoundation: 216162199b28c13a410421893ffa2e32 -> 
  custom:container-demuxer-ogg: 62fdf1f143b41e24485cea50d1cbac27 -> 
  custom:video-decoder-webm-vp8: 9c59270c3fd7afecdb556c50c9e8de78 -> 
  custom:audio-decoder-ogg-vorbis: bf7c407c2cedff20999df2af8eb42d56 -> 
========================================================================
Received Prepare
Registering precompiled user dll's ...
Registered in 0.004088 seconds.
Begin MonoManager ReloadAssembly
Symbol file LoadedFromMemory doesn't match image D:\develop\Unity\projects\sky-cubes\sky-cubes\Library\PackageCache\com.unity.visualscripting@1.8.0\Editor\VisualScripting.Core\Dependencies\YamlDotNet\Unity.VisualScripting.YamlDotNet.dll
Symbol file LoadedFromMemory doesn't match image D:\develop\Unity\projects\sky-cubes\sky-cubes\Library\PackageCache\com.unity.visualscripting@1.8.0\Editor\VisualScripting.Core\Dependencies\DotNetZip\Unity.VisualScripting.IonicZip.dll
Native extension for UWP target not found
Native extension for WindowsStandalone target not found
Native extension for Android target not found
Refreshing native plugins compatible for Editor in 0.63 ms, found 3 plugins.
Preloading 0 native plugins for Editor in 0.00 ms.
Mono: successfully reloaded assembly
- Completed reload, in  1.314 seconds
Domain Reload Profiling:
	ReloadAssembly (1314ms)
		BeginReloadAssembly (184ms)
			ExecutionOrderSort (0ms)
			DisableScriptedObjects (7ms)
			BackupInstance (0ms)
			ReleaseScriptingObjects (0ms)
			CreateAndSetChildDomain (44ms)
		EndReloadAssembly (994ms)
			LoadAssemblies (130ms)
			RebuildTransferFunctionScriptingTraits (0ms)
			SetupTypeCache (384ms)
			ReleaseScriptCaches (1ms)
			RebuildScriptCaches (54ms)
			SetupLoadedEditorAssemblies (368ms)
				LogAssemblyErrors (0ms)
				InitializePlatformSupportModulesInManaged (41ms)
				SetLoadedEditorAssemblies (1ms)
				RefreshPlugins (1ms)
				BeforeProcessingInitializeOnLoad (78ms)
				ProcessInitializeOnLoadAttributes (217ms)
				ProcessInitializeOnLoadMethodAttributes (20ms)
				AfterProcessingInitializeOnLoad (10ms)
				EditorAssembliesLoaded (0ms)
			ExecutionOrderSort2 (0ms)
			AwakeInstancesAfterBackupRestoration (10ms)
Platform modules already initialized, skipping
Refreshing native plugins compatible for Editor in 1.99 ms, found 3 plugins.
Preloading 0 native plugins for Editor in 0.00 ms.
Unloading 3043 Unused Serialized files (Serialized files now loaded: 0)
Unloading 17 unused Assets / (80.3 KB). Loaded Objects now: 3573.
Memory consumption went from 112.6 MB to 112.5 MB.
Total: 3.180600 ms (FindLiveObjects: 0.277800 ms CreateObjectMapping: 0.251000 ms MarkObjects: 2.557000 ms  DeleteObjects: 0.093200 ms)

AssetImportParameters requested are different than current active one (requested -> active):
  custom:video-decoder-ogg-theora: a1e56fd34408186e4bbccfd4996cb3dc -> 
  custom:container-muxer-webm: aa71ff27fc2769a1b78a27578f13a17b -> 
  custom:container-demuxer-webm: 4f35f7cbe854078d1ac9338744f61a02 -> 
  custom:video-encoder-webm-vp8: eb34c28f22e8b96e1ab97ce403110664 -> 
  custom:audio-encoder-webm-vorbis: bf7c407c2cedff20999df2af8eb42d56 -> 
  custom:framework-win-MediaFoundation: 216162199b28c13a410421893ffa2e32 -> 
  custom:container-demuxer-ogg: 62fdf1f143b41e24485cea50d1cbac27 -> 
  custom:video-decoder-webm-vp8: 9c59270c3fd7afecdb556c50c9e8de78 -> 
  custom:audio-decoder-ogg-vorbis: bf7c407c2cedff20999df2af8eb42d56 -> 
========================================================================
Received Prepare
Registering precompiled user dll's ...
Registered in 0.007160 seconds.
Begin MonoManager ReloadAssembly
Symbol file LoadedFromMemory doesn't match image D:\develop\Unity\projects\sky-cubes\sky-cubes\Library\PackageCache\com.unity.visualscripting@1.8.0\Editor\VisualScripting.Core\Dependencies\YamlDotNet\Unity.VisualScripting.YamlDotNet.dll
Symbol file LoadedFromMemory doesn't match image D:\develop\Unity\projects\sky-cubes\sky-cubes\Library\PackageCache\com.unity.visualscripting@1.8.0\Editor\VisualScripting.Core\Dependencies\DotNetZip\Unity.VisualScripting.IonicZip.dll
Native extension for UWP target not found
Native extension for WindowsStandalone target not found
Native extension for Android target not found
Refreshing native plugins compatible for Editor in 0.91 ms, found 3 plugins.
Preloading 0 native plugins for Editor in 0.00 ms.
Mono: successfully reloaded assembly
- Completed reload, in  2.146 seconds
Domain Reload Profiling:
	ReloadAssembly (2148ms)
		BeginReloadAssembly (379ms)
			ExecutionOrderSort (0ms)
			DisableScriptedObjects (24ms)
			BackupInstance (0ms)
			ReleaseScriptingObjects (0ms)
			CreateAndSetChildDomain (135ms)
		EndReloadAssembly (1587ms)
			LoadAssemblies (223ms)
			RebuildTransferFunctionScriptingTraits (0ms)
			SetupTypeCache (458ms)
			ReleaseScriptCaches (3ms)
			RebuildScriptCaches (108ms)
			SetupLoadedEditorAssemblies (578ms)
				LogAssemblyErrors (0ms)
				InitializePlatformSupportModulesInManaged (62ms)
				SetLoadedEditorAssemblies (3ms)
				RefreshPlugins (1ms)
				BeforeProcessingInitializeOnLoad (106ms)
				ProcessInitializeOnLoadAttributes (356ms)
				ProcessInitializeOnLoadMethodAttributes (35ms)
				AfterProcessingInitializeOnLoad (15ms)
				EditorAssembliesLoaded (0ms)
			ExecutionOrderSort2 (0ms)
			AwakeInstancesAfterBackupRestoration (11ms)
Platform modules already initialized, skipping
Refreshing native plugins compatible for Editor in 1.94 ms, found 3 plugins.
Preloading 0 native plugins for Editor in 0.00 ms.
Unloading 3043 Unused Serialized files (Serialized files now loaded: 0)
Unloading 17 unused Assets / (80.2 KB). Loaded Objects now: 3576.
Memory consumption went from 112.6 MB to 112.5 MB.
Total: 6.325400 ms (FindLiveObjects: 0.364500 ms CreateObjectMapping: 0.607700 ms MarkObjects: 5.246100 ms  DeleteObjects: 0.105400 ms)

AssetImportParameters requested are different than current active one (requested -> active):
  custom:video-decoder-ogg-theora: a1e56fd34408186e4bbccfd4996cb3dc -> 
  custom:container-muxer-webm: aa71ff27fc2769a1b78a27578f13a17b -> 
  custom:container-demuxer-webm: 4f35f7cbe854078d1ac9338744f61a02 -> 
  custom:video-encoder-webm-vp8: eb34c28f22e8b96e1ab97ce403110664 -> 
  custom:audio-encoder-webm-vorbis: bf7c407c2cedff20999df2af8eb42d56 -> 
  custom:framework-win-MediaFoundation: 216162199b28c13a410421893ffa2e32 -> 
  custom:container-demuxer-ogg: 62fdf1f143b41e24485cea50d1cbac27 -> 
  custom:video-decoder-webm-vp8: 9c59270c3fd7afecdb556c50c9e8de78 -> 
  custom:audio-decoder-ogg-vorbis: bf7c407c2cedff20999df2af8eb42d56 -> 
========================================================================
Received Prepare
Registering precompiled user dll's ...
Registered in 0.005122 seconds.
Begin MonoManager ReloadAssembly
Symbol file LoadedFromMemory doesn't match image D:\develop\Unity\projects\sky-cubes\sky-cubes\Library\PackageCache\com.unity.visualscripting@1.8.0\Editor\VisualScripting.Core\Dependencies\YamlDotNet\Unity.VisualScripting.YamlDotNet.dll
Symbol file LoadedFromMemory doesn't match image D:\develop\Unity\projects\sky-cubes\sky-cubes\Library\PackageCache\com.unity.visualscripting@1.8.0\Editor\VisualScripting.Core\Dependencies\DotNetZip\Unity.VisualScripting.IonicZip.dll
Native extension for UWP target not found
Native extension for WindowsStandalone target not found
Native extension for Android target not found
Refreshing native plugins compatible for Editor in 0.53 ms, found 3 plugins.
Preloading 0 native plugins for Editor in 0.00 ms.
Mono: successfully reloaded assembly
- Completed reload, in  1.263 seconds
Domain Reload Profiling:
	ReloadAssembly (1264ms)
		BeginReloadAssembly (181ms)
			ExecutionOrderSort (0ms)
			DisableScriptedObjects (6ms)
			BackupInstance (0ms)
			ReleaseScriptingObjects (0ms)
			CreateAndSetChildDomain (42ms)
		EndReloadAssembly (957ms)
			LoadAssemblies (137ms)
			RebuildTransferFunctionScriptingTraits (0ms)
			SetupTypeCache (390ms)
			ReleaseScriptCaches (1ms)
			RebuildScriptCaches (46ms)
			SetupLoadedEditorAssemblies (344ms)
				LogAssemblyErrors (0ms)
				InitializePlatformSupportModulesInManaged (34ms)
				SetLoadedEditorAssemblies (0ms)
				RefreshPlugins (1ms)
				BeforeProcessingInitializeOnLoad (72ms)
				ProcessInitializeOnLoadAttributes (207ms)
				ProcessInitializeOnLoadMethodAttributes (21ms)
				AfterProcessingInitializeOnLoad (9ms)
				EditorAssembliesLoaded (0ms)
			ExecutionOrderSort2 (0ms)
			AwakeInstancesAfterBackupRestoration (8ms)
Platform modules already initialized, skipping
Refreshing native plugins compatible for Editor in 1.59 ms, found 3 plugins.
Preloading 0 native plugins for Editor in 0.00 ms.
Unloading 3043 Unused Serialized files (Serialized files now loaded: 0)
Unloading 17 unused Assets / (80.3 KB). Loaded Objects now: 3579.
Memory consumption went from 112.6 MB to 112.5 MB.
Total: 4.022200 ms (FindLiveObjects: 0.359100 ms CreateObjectMapping: 0.248500 ms MarkObjects: 3.290800 ms  DeleteObjects: 0.122600 ms)

AssetImportParameters requested are different than current active one (requested -> active):
  custom:video-decoder-ogg-theora: a1e56fd34408186e4bbccfd4996cb3dc -> 
  custom:container-muxer-webm: aa71ff27fc2769a1b78a27578f13a17b -> 
  custom:container-demuxer-webm: 4f35f7cbe854078d1ac9338744f61a02 -> 
  custom:video-encoder-webm-vp8: eb34c28f22e8b96e1ab97ce403110664 -> 
  custom:audio-encoder-webm-vorbis: bf7c407c2cedff20999df2af8eb42d56 -> 
  custom:framework-win-MediaFoundation: 216162199b28c13a410421893ffa2e32 -> 
  custom:container-demuxer-ogg: 62fdf1f143b41e24485cea50d1cbac27 -> 
  custom:video-decoder-webm-vp8: 9c59270c3fd7afecdb556c50c9e8de78 -> 
  custom:audio-decoder-ogg-vorbis: bf7c407c2cedff20999df2af8eb42d56 -> 
========================================================================
Received Prepare
Registering precompiled user dll's ...
Registered in 0.004197 seconds.
Begin MonoManager ReloadAssembly
Symbol file LoadedFromMemory doesn't match image D:\develop\Unity\projects\sky-cubes\sky-cubes\Library\PackageCache\com.unity.visualscripting@1.8.0\Editor\VisualScripting.Core\Dependencies\YamlDotNet\Unity.VisualScripting.YamlDotNet.dll
Symbol file LoadedFromMemory doesn't match image D:\develop\Unity\projects\sky-cubes\sky-cubes\Library\PackageCache\com.unity.visualscripting@1.8.0\Editor\VisualScripting.Core\Dependencies\DotNetZip\Unity.VisualScripting.IonicZip.dll
Native extension for UWP target not found
Native extension for WindowsStandalone target not found
Native extension for Android target not found
Refreshing native plugins compatible for Editor in 0.48 ms, found 3 plugins.
Preloading 0 native plugins for Editor in 0.00 ms.
Mono: successfully reloaded assembly
- Completed reload, in  1.322 seconds
Domain Reload Profiling:
	ReloadAssembly (1323ms)
		BeginReloadAssembly (183ms)
			ExecutionOrderSort (0ms)
			DisableScriptedObjects (8ms)
			BackupInstance (0ms)
			ReleaseScriptingObjects (0ms)
			CreateAndSetChildDomain (40ms)
		EndReloadAssembly (991ms)
			LoadAssemblies (132ms)
			RebuildTransferFunctionScriptingTraits (0ms)
			SetupTypeCache (362ms)
			ReleaseScriptCaches (1ms)
			RebuildScriptCaches (56ms)
			SetupLoadedEditorAssemblies (380ms)
				LogAssemblyErrors (0ms)
				InitializePlatformSupportModulesInManaged (37ms)
				SetLoadedEditorAssemblies (0ms)
				RefreshPlugins (1ms)
				BeforeProcessingInitializeOnLoad (79ms)
				ProcessInitializeOnLoadAttributes (228ms)
				ProcessInitializeOnLoadMethodAttributes (26ms)
				AfterProcessingInitializeOnLoad (9ms)
				EditorAssembliesLoaded (0ms)
			ExecutionOrderSort2 (0ms)
			AwakeInstancesAfterBackupRestoration (8ms)
Platform modules already initialized, skipping
Refreshing native plugins compatible for Editor in 1.43 ms, found 3 plugins.
Preloading 0 native plugins for Editor in 0.00 ms.
Unloading 3043 Unused Serialized files (Serialized files now loaded: 0)
Unloading 17 unused Assets / (80.4 KB). Loaded Objects now: 3582.
Memory consumption went from 112.6 MB to 112.6 MB.
Total: 3.723800 ms (FindLiveObjects: 0.259800 ms CreateObjectMapping: 0.259000 ms MarkObjects: 3.093000 ms  DeleteObjects: 0.110900 ms)

AssetImportParameters requested are different than current active one (requested -> active):
  custom:video-decoder-ogg-theora: a1e56fd34408186e4bbccfd4996cb3dc -> 
  custom:container-muxer-webm: aa71ff27fc2769a1b78a27578f13a17b -> 
  custom:container-demuxer-webm: 4f35f7cbe854078d1ac9338744f61a02 -> 
  custom:video-encoder-webm-vp8: eb34c28f22e8b96e1ab97ce403110664 -> 
  custom:audio-encoder-webm-vorbis: bf7c407c2cedff20999df2af8eb42d56 -> 
  custom:framework-win-MediaFoundation: 216162199b28c13a410421893ffa2e32 -> 
  custom:container-demuxer-ogg: 62fdf1f143b41e24485cea50d1cbac27 -> 
  custom:video-decoder-webm-vp8: 9c59270c3fd7afecdb556c50c9e8de78 -> 
  custom:audio-decoder-ogg-vorbis: bf7c407c2cedff20999df2af8eb42d56 -> 
========================================================================
Received Prepare
Registering precompiled user dll's ...
Registered in 0.005660 seconds.
Begin MonoManager ReloadAssembly
Symbol file LoadedFromMemory doesn't match image D:\develop\Unity\projects\sky-cubes\sky-cubes\Library\PackageCache\com.unity.visualscripting@1.8.0\Editor\VisualScripting.Core\Dependencies\YamlDotNet\Unity.VisualScripting.YamlDotNet.dll
Symbol file LoadedFromMemory doesn't match image D:\develop\Unity\projects\sky-cubes\sky-cubes\Library\PackageCache\com.unity.visualscripting@1.8.0\Editor\VisualScripting.Core\Dependencies\DotNetZip\Unity.VisualScripting.IonicZip.dll
Native extension for UWP target not found
Native extension for WindowsStandalone target not found
Native extension for Android target not found
Refreshing native plugins compatible for Editor in 0.49 ms, found 3 plugins.
Preloading 0 native plugins for Editor in 0.00 ms.
Mono: successfully reloaded assembly
- Completed reload, in  1.438 seconds
Domain Reload Profiling:
	ReloadAssembly (1439ms)
		BeginReloadAssembly (185ms)
			ExecutionOrderSort (0ms)
			DisableScriptedObjects (8ms)
			BackupInstance (0ms)
			ReleaseScriptingObjects (0ms)
			CreateAndSetChildDomain (42ms)
		EndReloadAssembly (1098ms)
			LoadAssemblies (144ms)
			RebuildTransferFunctionScriptingTraits (0ms)
			SetupTypeCache (433ms)
			ReleaseScriptCaches (3ms)
			RebuildScriptCaches (69ms)
			SetupLoadedEditorAssemblies (372ms)
				LogAssemblyErrors (0ms)
				InitializePlatformSupportModulesInManaged (35ms)
				SetLoadedEditorAssemblies (0ms)
				RefreshPlugins (1ms)
				BeforeProcessingInitializeOnLoad (72ms)
				ProcessInitializeOnLoadAttributes (231ms)
				ProcessInitializeOnLoadMethodAttributes (24ms)
				AfterProcessingInitializeOnLoad (10ms)
				EditorAssembliesLoaded (0ms)
			ExecutionOrderSort2 (0ms)
			AwakeInstancesAfterBackupRestoration (8ms)
Platform modules already initialized, skipping
Refreshing native plugins compatible for Editor in 1.46 ms, found 3 plugins.
Preloading 0 native plugins for Editor in 0.00 ms.
Unloading 3043 Unused Serialized files (Serialized files now loaded: 0)
Unloading 17 unused Assets / (80.2 KB). Loaded Objects now: 3585.
Memory consumption went from 112.6 MB to 112.6 MB.
Total: 4.210000 ms (FindLiveObjects: 0.387500 ms CreateObjectMapping: 0.199300 ms MarkObjects: 3.525100 ms  DeleteObjects: 0.096700 ms)

AssetImportParameters requested are different than current active one (requested -> active):
  custom:video-decoder-ogg-theora: a1e56fd34408186e4bbccfd4996cb3dc -> 
  custom:container-muxer-webm: aa71ff27fc2769a1b78a27578f13a17b -> 
  custom:container-demuxer-webm: 4f35f7cbe854078d1ac9338744f61a02 -> 
  custom:video-encoder-webm-vp8: eb34c28f22e8b96e1ab97ce403110664 -> 
  custom:audio-encoder-webm-vorbis: bf7c407c2cedff20999df2af8eb42d56 -> 
  custom:framework-win-MediaFoundation: 216162199b28c13a410421893ffa2e32 -> 
  custom:container-demuxer-ogg: 62fdf1f143b41e24485cea50d1cbac27 -> 
  custom:video-decoder-webm-vp8: 9c59270c3fd7afecdb556c50c9e8de78 -> 
  custom:audio-decoder-ogg-vorbis: bf7c407c2cedff20999df2af8eb42d56 -> 
========================================================================
Received Prepare
Registering precompiled user dll's ...
Registered in 0.004164 seconds.
Begin MonoManager ReloadAssembly
Symbol file LoadedFromMemory doesn't match image D:\develop\Unity\projects\sky-cubes\sky-cubes\Library\PackageCache\com.unity.visualscripting@1.8.0\Editor\VisualScripting.Core\Dependencies\YamlDotNet\Unity.VisualScripting.YamlDotNet.dll
Symbol file LoadedFromMemory doesn't match image D:\develop\Unity\projects\sky-cubes\sky-cubes\Library\PackageCache\com.unity.visualscripting@1.8.0\Editor\VisualScripting.Core\Dependencies\DotNetZip\Unity.VisualScripting.IonicZip.dll
Native extension for UWP target not found
Native extension for WindowsStandalone target not found
Native extension for Android target not found
Refreshing native plugins compatible for Editor in 0.50 ms, found 3 plugins.
Preloading 0 native plugins for Editor in 0.00 ms.
Mono: successfully reloaded assembly
- Completed reload, in  1.360 seconds
Domain Reload Profiling:
	ReloadAssembly (1361ms)
		BeginReloadAssembly (203ms)
			ExecutionOrderSort (0ms)
			DisableScriptedObjects (6ms)
			BackupInstance (0ms)
			ReleaseScriptingObjects (0ms)
			CreateAndSetChildDomain (43ms)
		EndReloadAssembly (1017ms)
			LoadAssemblies (157ms)
			RebuildTransferFunctionScriptingTraits (0ms)
			SetupTypeCache (381ms)
			ReleaseScriptCaches (1ms)
			RebuildScriptCaches (51ms)
			SetupLoadedEditorAssemblies (378ms)
				LogAssemblyErrors (0ms)
				InitializePlatformSupportModulesInManaged (39ms)
				SetLoadedEditorAssemblies (0ms)
				RefreshPlugins (1ms)
				BeforeProcessingInitializeOnLoad (76ms)
				ProcessInitializeOnLoadAttributes (230ms)
				ProcessInitializeOnLoadMethodAttributes (24ms)
				AfterProcessingInitializeOnLoad (8ms)
				EditorAssembliesLoaded (0ms)
			ExecutionOrderSort2 (0ms)
			AwakeInstancesAfterBackupRestoration (10ms)
Platform modules already initialized, skipping
Refreshing native plugins compatible for Editor in 1.94 ms, found 3 plugins.
Preloading 0 native plugins for Editor in 0.00 ms.
Unloading 3043 Unused Serialized files (Serialized files now loaded: 0)
Unloading 17 unused Assets / (80.2 KB). Loaded Objects now: 3588.
Memory consumption went from 112.6 MB to 112.6 MB.
Total: 2.947600 ms (FindLiveObjects: 0.260900 ms CreateObjectMapping: 0.158600 ms MarkObjects: 2.417600 ms  DeleteObjects: 0.109200 ms)

AssetImportParameters requested are different than current active one (requested -> active):
  custom:video-decoder-ogg-theora: a1e56fd34408186e4bbccfd4996cb3dc -> 
  custom:container-muxer-webm: aa71ff27fc2769a1b78a27578f13a17b -> 
  custom:container-demuxer-webm: 4f35f7cbe854078d1ac9338744f61a02 -> 
  custom:video-encoder-webm-vp8: eb34c28f22e8b96e1ab97ce403110664 -> 
  custom:audio-encoder-webm-vorbis: bf7c407c2cedff20999df2af8eb42d56 -> 
  custom:framework-win-MediaFoundation: 216162199b28c13a410421893ffa2e32 -> 
  custom:container-demuxer-ogg: 62fdf1f143b41e24485cea50d1cbac27 -> 
  custom:video-decoder-webm-vp8: 9c59270c3fd7afecdb556c50c9e8de78 -> 
  custom:audio-decoder-ogg-vorbis: bf7c407c2cedff20999df2af8eb42d56 -> 
========================================================================
Received Import Request.
  Time since last request: 651.321579 seconds.
  path: Assets/Core/Clouds/Prefabs
  artifactKey: Guid(7365710fc708cb940a83f4588cebf644) Importer(815301076,1909f56bfc062723c751e8b465ee728b)
Start importing Assets/Core/Clouds/Prefabs using Guid(7365710fc708cb940a83f4588cebf644) Importer(815301076,1909f56bfc062723c751e8b465ee728b)  -> (artifact id: 'e4cd98371b41898d2fbbfc17a2aac4c2') in 0.016013 seconds 
========================================================================
Received Import Request.
  Time since last request: 8.643891 seconds.
  path: Assets/Core/Clouds/Prefabs/Clouds.prefab
  artifactKey: Guid(c0a8df889e3e5c5489b8b872ecd1a433) Importer(815301076,1909f56bfc062723c751e8b465ee728b)
Start importing Assets/Core/Clouds/Prefabs/Clouds.prefab using Guid(c0a8df889e3e5c5489b8b872ecd1a433) Importer(815301076,1909f56bfc062723c751e8b465ee728b)  -> (artifact id: '14b67f56d587dd01ceccf917f8d2fb5d') in 0.269678 seconds 
========================================================================
Received Prepare
Registering precompiled user dll's ...
Registered in 0.004213 seconds.
Begin MonoManager ReloadAssembly
Symbol file LoadedFromMemory doesn't match image D:\develop\Unity\projects\sky-cubes\sky-cubes\Library\PackageCache\com.unity.visualscripting@1.8.0\Editor\VisualScripting.Core\Dependencies\YamlDotNet\Unity.VisualScripting.YamlDotNet.dll
Symbol file LoadedFromMemory doesn't match image D:\develop\Unity\projects\sky-cubes\sky-cubes\Library\PackageCache\com.unity.visualscripting@1.8.0\Editor\VisualScripting.Core\Dependencies\DotNetZip\Unity.VisualScripting.IonicZip.dll
Native extension for UWP target not found
Native extension for WindowsStandalone target not found
Native extension for Android target not found
Refreshing native plugins compatible for Editor in 0.55 ms, found 3 plugins.
Preloading 0 native plugins for Editor in 0.00 ms.
Mono: successfully reloaded assembly
- Completed reload, in  1.178 seconds
Domain Reload Profiling:
	ReloadAssembly (1179ms)
		BeginReloadAssembly (347ms)
			ExecutionOrderSort (0ms)
			DisableScriptedObjects (7ms)
			BackupInstance (0ms)
			ReleaseScriptingObjects (0ms)
			CreateAndSetChildDomain (62ms)
		EndReloadAssembly (660ms)
			LoadAssemblies (246ms)
			RebuildTransferFunctionScriptingTraits (0ms)
			SetupTypeCache (224ms)
			ReleaseScriptCaches (2ms)
			RebuildScriptCaches (32ms)
			SetupLoadedEditorAssemblies (254ms)
				LogAssemblyErrors (0ms)
				InitializePlatformSupportModulesInManaged (31ms)
				SetLoadedEditorAssemblies (0ms)
				RefreshPlugins (1ms)
				BeforeProcessingInitializeOnLoad (72ms)
				ProcessInitializeOnLoadAttributes (116ms)
				ProcessInitializeOnLoadMethodAttributes (23ms)
				AfterProcessingInitializeOnLoad (10ms)
				EditorAssembliesLoaded (0ms)
			ExecutionOrderSort2 (0ms)
			AwakeInstancesAfterBackupRestoration (8ms)
Platform modules already initialized, skipping
Refreshing native plugins compatible for Editor in 1.80 ms, found 3 plugins.
Preloading 0 native plugins for Editor in 0.00 ms.
Unloading 3388 Unused Serialized files (Serialized files now loaded: 0)
Unloading 18 unused Assets / (80.2 KB). Loaded Objects now: 3932.
Memory consumption went from 124.3 MB to 124.2 MB.
Total: 3.408200 ms (FindLiveObjects: 0.291000 ms CreateObjectMapping: 0.189000 ms MarkObjects: 2.795400 ms  DeleteObjects: 0.131500 ms)

AssetImportParameters requested are different than current active one (requested -> active):
  custom:video-decoder-ogg-theora: a1e56fd34408186e4bbccfd4996cb3dc -> 
  custom:container-muxer-webm: aa71ff27fc2769a1b78a27578f13a17b -> 
  custom:container-demuxer-webm: 4f35f7cbe854078d1ac9338744f61a02 -> 
  custom:video-encoder-webm-vp8: eb34c28f22e8b96e1ab97ce403110664 -> 
  custom:audio-encoder-webm-vorbis: bf7c407c2cedff20999df2af8eb42d56 -> 
  custom:framework-win-MediaFoundation: 216162199b28c13a410421893ffa2e32 -> 
  custom:container-demuxer-ogg: 62fdf1f143b41e24485cea50d1cbac27 -> 
  custom:video-decoder-webm-vp8: 9c59270c3fd7afecdb556c50c9e8de78 -> 
  custom:audio-decoder-ogg-vorbis: bf7c407c2cedff20999df2af8eb42d56 -> 
